[2026-07-02 00:39:17] INFO - neutrino_reco - Run name: mlp_20260702-003917
[2026-07-02 00:39:17] INFO - neutrino_reco - Base config: config/baseline.yaml | Model config: config/mlp.yaml
[2026-07-02 00:39:17] INFO - neutrino_reco - Resolved config saved to checkpoints/mlp_20260702-003917/config.yaml
[2026-07-02 00:39:17] INFO - neutrino_reco - Using device: cpu
[2026-07-02 00:39:17] INFO - neutrino_reco - Loaded 4588 events from aeCC_cleaned.h5
[2026-07-02 00:39:17] INFO - neutrino_reco - Loaded 19513 events from amCC_cleaned.h5
[2026-07-02 00:39:17] INFO - neutrino_reco - Loaded 4381 events from amNC_cleaned.h5
[2026-07-02 00:39:17] INFO - neutrino_reco - Loaded 35920 events from atCC_cleaned.h5
[2026-07-02 00:39:17] INFO - neutrino_reco - Loaded 13033 events from eCC_cleaned.h5
[2026-07-02 00:39:18] INFO - neutrino_reco - Loaded 46331 events from mCC_cleaned.h5
[2026-07-02 00:39:18] INFO - neutrino_reco - Loaded 33445 events from mNC_cleaned.h5
[2026-07-02 00:39:18] INFO - neutrino_reco - Loaded 35814 events from tCC_cleaned.h5
[2026-07-02 00:39:18] INFO - neutrino_reco - NeutrinoDataModule ready: 193025 events total (train=135118, val=28954, test=28953), input_dim=18, output_dim=3
[2026-07-02 00:39:18] INFO - neutrino_reco - Model: MLP | requires_graph=False | trainable_params=203,011
[2026-07-02 00:39:18] INFO - neutrino_reco - Trainer ready: model=MLP (203,011 trainable params), device=cpu, graph_model=False
[2026-07-02 00:39:18] INFO - neutrino_reco - Starting training: epochs=150, start_epoch=0, optimizer=AdamW, scheduler=plateau
[2026-07-02 00:39:30] INFO - neutrino_reco - Epoch 1/150 | train_loss=0.24517 val_loss=0.21584 | train_cos=0.8133 val_cos=0.8327 | lr=1.00e-03 | time=11.4s
[2026-07-02 00:39:42] INFO - neutrino_reco - Epoch 2/150 | train_loss=0.22479 val_loss=0.21412 | train_cos=0.8274 val_cos=0.8337 | lr=1.00e-03 | time=12.0s
[2026-07-02 00:40:00] INFO - neutrino_reco - Epoch 3/150 | train_loss=0.22197 val_loss=0.21630 | train_cos=0.8293 val_cos=0.8318 | lr=1.00e-03 | time=13.1s
[2026-07-02 00:40:12] INFO - neutrino_reco - Epoch 4/150 | train_loss=0.21998 val_loss=0.21425 | train_cos=0.8307 val_cos=0.8334 | lr=1.00e-03 | time=11.6s
[2026-07-02 00:40:23] INFO - neutrino_reco - Epoch 5/150 | train_loss=0.21900 val_loss=0.21308 | train_cos=0.8314 val_cos=0.8342 | lr=1.00e-03 | time=11.4s
[2026-07-02 00:40:37] INFO - neutrino_reco - Epoch 6/150 | train_loss=0.21824 val_loss=0.21343 | train_cos=0.8318 val_cos=0.8339 | lr=1.00e-03 | time=11.4s
[2026-07-02 00:40:49] INFO - neutrino_reco - Epoch 7/150 | train_loss=0.21744 val_loss=0.21179 | train_cos=0.8325 val_cos=0.8352 | lr=1.00e-03 | time=11.4s
[2026-07-02 00:41:00] INFO - neutrino_reco - Epoch 8/150 | train_loss=0.21665 val_loss=0.21057 | train_cos=0.8330 val_cos=0.8361 | lr=1.00e-03 | time=11.5s
[2026-07-02 00:41:15] INFO - neutrino_reco - Epoch 9/150 | train_loss=0.21606 val_loss=0.21018 | train_cos=0.8334 val_cos=0.8362 | lr=1.00e-03 | time=11.5s
[2026-07-02 00:41:26] INFO - neutrino_reco - Epoch 10/150 | train_loss=0.21501 val_loss=0.20976 | train_cos=0.8341 val_cos=0.8365 | lr=1.00e-03 | time=11.2s
[2026-07-02 00:41:37] INFO - neutrino_reco - Epoch 11/150 | train_loss=0.21452 val_loss=0.21125 | train_cos=0.8344 val_cos=0.8356 | lr=1.00e-03 | time=11.4s
[2026-07-02 00:41:52] INFO - neutrino_reco - Epoch 12/150 | train_loss=0.21395 val_loss=0.20947 | train_cos=0.8348 val_cos=0.8370 | lr=1.00e-03 | time=11.5s
[2026-07-02 00:42:03] INFO - neutrino_reco - Epoch 13/150 | train_loss=0.21333 val_loss=0.20899 | train_cos=0.8353 val_cos=0.8372 | lr=1.00e-03 | time=11.3s
[2026-07-02 00:42:15] INFO - neutrino_reco - Epoch 14/150 | train_loss=0.21236 val_loss=0.20789 | train_cos=0.8360 val_cos=0.8379 | lr=1.00e-03 | time=11.5s
[2026-07-02 00:42:30] INFO - neutrino_reco - Epoch 15/150 | train_loss=0.21199 val_loss=0.20878 | train_cos=0.8363 val_cos=0.8375 | lr=1.00e-03 | time=11.6s
[2026-07-02 00:42:41] INFO - neutrino_reco - Epoch 16/150 | train_loss=0.21113 val_loss=0.20794 | train_cos=0.8370 val_cos=0.8380 | lr=1.00e-03 | time=11.7s
[2026-07-02 00:42:56] INFO - neutrino_reco - Epoch 17/150 | train_loss=0.21080 val_loss=0.20722 | train_cos=0.8372 val_cos=0.8387 | lr=1.00e-03 | time=11.7s
[2026-07-02 00:43:08] INFO - neutrino_reco - Epoch 18/150 | train_loss=0.21035 val_loss=0.20681 | train_cos=0.8376 val_cos=0.8390 | lr=1.00e-03 | time=11.8s
[2026-07-02 00:43:20] INFO - neutrino_reco - Epoch 19/150 | train_loss=0.20973 val_loss=0.20646 | train_cos=0.8380 val_cos=0.8393 | lr=1.00e-03 | time=12.1s
[2026-07-02 00:43:34] INFO - neutrino_reco - Epoch 20/150 | train_loss=0.20924 val_loss=0.20531 | train_cos=0.8384 val_cos=0.8400 | lr=1.00e-03 | time=11.2s
[2026-07-02 00:43:46] INFO - neutrino_reco - Epoch 21/150 | train_loss=0.20852 val_loss=0.20483 | train_cos=0.8389 val_cos=0.8405 | lr=1.00e-03 | time=11.6s
[2026-07-02 00:43:58] INFO - neutrino_reco - Epoch 22/150 | train_loss=0.20812 val_loss=0.20561 | train_cos=0.8392 val_cos=0.8399 | lr=1.00e-03 | time=11.5s
[2026-07-02 00:44:12] INFO - neutrino_reco - Epoch 23/150 | train_loss=0.20769 val_loss=0.20447 | train_cos=0.8396 val_cos=0.8408 | lr=1.00e-03 | time=11.8s
[2026-07-02 00:44:24] INFO - neutrino_reco - Epoch 24/150 | train_loss=0.20682 val_loss=0.20358 | train_cos=0.8403 val_cos=0.8415 | lr=1.00e-03 | time=11.4s
[2026-07-02 00:44:35] INFO - neutrino_reco - Epoch 25/150 | train_loss=0.20683 val_loss=0.20583 | train_cos=0.8402 val_cos=0.8397 | lr=1.00e-03 | time=11.3s
[2026-07-02 00:44:50] INFO - neutrino_reco - Epoch 26/150 | train_loss=0.20651 val_loss=0.20399 | train_cos=0.8405 val_cos=0.8412 | lr=1.00e-03 | time=11.3s
[2026-07-02 00:45:01] INFO - neutrino_reco - Epoch 27/150 | train_loss=0.20604 val_loss=0.20446 | train_cos=0.8409 val_cos=0.8408 | lr=1.00e-03 | time=11.3s
[2026-07-02 00:45:12] INFO - neutrino_reco - Epoch 28/150 | train_loss=0.20569 val_loss=0.20287 | train_cos=0.8411 val_cos=0.8422 | lr=1.00e-03 | time=11.4s
[2026-07-02 00:45:27] INFO - neutrino_reco - Epoch 29/150 | train_loss=0.20514 val_loss=0.20204 | train_cos=0.8416 val_cos=0.8428 | lr=1.00e-03 | time=11.4s
[2026-07-02 00:45:38] INFO - neutrino_reco - Epoch 30/150 | train_loss=0.20475 val_loss=0.20238 | train_cos=0.8419 val_cos=0.8424 | lr=1.00e-03 | time=11.3s
[2026-07-02 00:45:50] INFO - neutrino_reco - Epoch 31/150 | train_loss=0.20491 val_loss=0.20309 | train_cos=0.8417 val_cos=0.8418 | lr=1.00e-03 | time=11.4s
[2026-07-02 00:46:01] INFO - neutrino_reco - Epoch 32/150 | train_loss=0.20383 val_loss=0.20163 | train_cos=0.8426 val_cos=0.8430 | lr=1.00e-03 | time=11.4s
[2026-07-02 00:46:17] INFO - neutrino_reco - Epoch 33/150 | train_loss=0.20399 val_loss=0.20188 | train_cos=0.8424 val_cos=0.8428 | lr=1.00e-03 | time=11.4s
[2026-07-02 00:46:28] INFO - neutrino_reco - Epoch 34/150 | train_loss=0.20381 val_loss=0.20161 | train_cos=0.8426 val_cos=0.8431 | lr=1.00e-03 | time=11.4s
[2026-07-02 00:46:43] INFO - neutrino_reco - Epoch 35/150 | train_loss=0.20351 val_loss=0.20103 | train_cos=0.8428 val_cos=0.8434 | lr=1.00e-03 | time=11.3s
[2026-07-02 00:46:54] INFO - neutrino_reco - Epoch 36/150 | train_loss=0.20315 val_loss=0.20038 | train_cos=0.8431 val_cos=0.8440 | lr=1.00e-03 | time=11.4s
[2026-07-02 00:47:05] INFO - neutrino_reco - Epoch 37/150 | train_loss=0.20302 val_loss=0.20054 | train_cos=0.8433 val_cos=0.8440 | lr=1.00e-03 | time=11.2s
[2026-07-02 00:47:20] INFO - neutrino_reco - Epoch 38/150 | train_loss=0.20318 val_loss=0.20127 | train_cos=0.8431 val_cos=0.8433 | lr=1.00e-03 | time=11.4s
[2026-07-02 00:47:31] INFO - neutrino_reco - Epoch 39/150 | train_loss=0.20305 val_loss=0.20125 | train_cos=0.8432 val_cos=0.8433 | lr=1.00e-03 | time=11.5s
[2026-07-02 00:47:43] INFO - neutrino_reco - Epoch 40/150 | train_loss=0.20283 val_loss=0.20119 | train_cos=0.8433 val_cos=0.8434 | lr=1.00e-03 | time=11.3s
[2026-07-02 00:47:57] INFO - neutrino_reco - Epoch 41/150 | train_loss=0.20153 val_loss=0.20140 | train_cos=0.8445 val_cos=0.8432 | lr=1.00e-03 | time=11.3s
[2026-07-02 00:48:09] INFO - neutrino_reco - Epoch 42/150 | train_loss=0.20121 val_loss=0.20115 | train_cos=0.8447 val_cos=0.8434 | lr=1.00e-03 | time=11.6s
[2026-07-02 00:48:20] INFO - neutrino_reco - Epoch 43/150 | train_loss=0.20082 val_loss=0.19939 | train_cos=0.8450 val_cos=0.8448 | lr=1.00e-03 | time=11.6s
[2026-07-02 00:48:35] INFO - neutrino_reco - Epoch 44/150 | train_loss=0.20085 val_loss=0.20100 | train_cos=0.8450 val_cos=0.8435 | lr=1.00e-03 | time=11.5s
[2026-07-02 00:48:47] INFO - neutrino_reco - Epoch 45/150 | train_loss=0.20111 val_loss=0.20163 | train_cos=0.8448 val_cos=0.8429 | lr=1.00e-03 | time=11.6s
[2026-07-02 00:48:58] INFO - neutrino_reco - Epoch 46/150 | train_loss=0.20137 val_loss=0.20010 | train_cos=0.8446 val_cos=0.8444 | lr=1.00e-03 | time=11.6s
[2026-07-02 00:49:13] INFO - neutrino_reco - Epoch 47/150 | train_loss=0.20049 val_loss=0.20105 | train_cos=0.8453 val_cos=0.8434 | lr=1.00e-03 | time=11.7s
[2026-07-02 00:49:25] INFO - neutrino_reco - Epoch 48/150 | train_loss=0.20052 val_loss=0.19937 | train_cos=0.8453 val_cos=0.8448 | lr=1.00e-03 | time=11.6s
[2026-07-02 00:49:39] INFO - neutrino_reco - Epoch 49/150 | train_loss=0.20000 val_loss=0.20008 | train_cos=0.8457 val_cos=0.8444 | lr=1.00e-03 | time=11.3s
[2026-07-02 00:49:50] INFO - neutrino_reco - Epoch 50/150 | train_loss=0.20004 val_loss=0.19947 | train_cos=0.8457 val_cos=0.8449 | lr=1.00e-03 | time=11.5s
[2026-07-02 00:50:02] INFO - neutrino_reco - Epoch 51/150 | train_loss=0.20011 val_loss=0.19924 | train_cos=0.8456 val_cos=0.8450 | lr=1.00e-03 | time=11.4s
[2026-07-02 00:50:14] INFO - neutrino_reco - Epoch 52/150 | train_loss=0.20004 val_loss=0.20074 | train_cos=0.8457 val_cos=0.8438 | lr=1.00e-03 | time=11.5s
[2026-07-02 00:50:25] INFO - neutrino_reco - Epoch 53/150 | train_loss=0.19957 val_loss=0.19956 | train_cos=0.8461 val_cos=0.8447 | lr=1.00e-03 | time=11.3s
[2026-07-02 00:50:40] INFO - neutrino_reco - Epoch 54/150 | train_loss=0.19901 val_loss=0.19948 | train_cos=0.8465 val_cos=0.8448 | lr=1.00e-03 | time=11.2s
[2026-07-02 00:50:52] INFO - neutrino_reco - Epoch 55/150 | train_loss=0.19876 val_loss=0.19945 | train_cos=0.8467 val_cos=0.8448 | lr=1.00e-03 | time=11.5s
[2026-07-02 00:51:07] INFO - neutrino_reco - Epoch 56/150 | train_loss=0.19890 val_loss=0.19999 | train_cos=0.8467 val_cos=0.8444 | lr=1.00e-03 | time=11.7s
[2026-07-02 00:51:19] INFO - neutrino_reco - Epoch 57/150 | train_loss=0.19857 val_loss=0.19923 | train_cos=0.8469 val_cos=0.8450 | lr=1.00e-03 | time=11.8s
[2026-07-02 00:51:30] INFO - neutrino_reco - Epoch 58/150 | train_loss=0.19884 val_loss=0.19943 | train_cos=0.8467 val_cos=0.8448 | lr=1.00e-03 | time=11.8s
[2026-07-02 00:51:45] INFO - neutrino_reco - Epoch 59/150 | train_loss=0.19838 val_loss=0.20093 | train_cos=0.8471 val_cos=0.8436 | lr=1.00e-03 | time=11.6s
[2026-07-02 00:51:57] INFO - neutrino_reco - Epoch 60/150 | train_loss=0.19808 val_loss=0.19946 | train_cos=0.8473 val_cos=0.8449 | lr=1.00e-03 | time=11.8s
[2026-07-02 00:52:08] INFO - neutrino_reco - Epoch 61/150 | train_loss=0.19469 val_loss=0.19725 | train_cos=0.8500 val_cos=0.8465 | lr=5.00e-04 | time=11.5s
[2026-07-02 00:52:23] INFO - neutrino_reco - Epoch 62/150 | train_loss=0.19340 val_loss=0.19779 | train_cos=0.8509 val_cos=0.8460 | lr=5.00e-04 | time=11.8s
[2026-07-02 00:52:35] INFO - neutrino_reco - Epoch 63/150 | train_loss=0.19287 val_loss=0.19778 | train_cos=0.8514 val_cos=0.8461 | lr=5.00e-04 | time=11.6s
[2026-07-02 00:52:46] INFO - neutrino_reco - Epoch 64/150 | train_loss=0.19313 val_loss=0.19667 | train_cos=0.8511 val_cos=0.8469 | lr=5.00e-04 | time=11.5s
[2026-07-02 00:53:02] INFO - neutrino_reco - Epoch 65/150 | train_loss=0.19254 val_loss=0.19795 | train_cos=0.8516 val_cos=0.8459 | lr=5.00e-04 | time=11.5s
[2026-07-02 00:53:13] INFO - neutrino_reco - Epoch 66/150 | train_loss=0.19227 val_loss=0.19748 | train_cos=0.8518 val_cos=0.8462 | lr=5.00e-04 | time=11.5s
[2026-07-02 00:53:25] INFO - neutrino_reco - Epoch 67/150 | train_loss=0.19194 val_loss=0.19752 | train_cos=0.8521 val_cos=0.8463 | lr=5.00e-04 | time=11.4s
[2026-07-02 00:53:38] INFO - neutrino_reco - Epoch 68/150 | train_loss=0.19222 val_loss=0.19660 | train_cos=0.8519 val_cos=0.8470 | lr=5.00e-04 | time=11.5s
[2026-07-02 00:53:50] INFO - neutrino_reco - Epoch 69/150 | train_loss=0.19185 val_loss=0.19690 | train_cos=0.8521 val_cos=0.8468 | lr=5.00e-04 | time=11.7s
[2026-07-02 00:54:05] INFO - neutrino_reco - Epoch 70/150 | train_loss=0.19099 val_loss=0.19685 | train_cos=0.8529 val_cos=0.8468 | lr=5.00e-04 | time=11.6s
[2026-07-02 00:54:17] INFO - neutrino_reco - Epoch 71/150 | train_loss=0.19099 val_loss=0.19746 | train_cos=0.8529 val_cos=0.8464 | lr=5.00e-04 | time=11.9s
[2026-07-02 00:54:28] INFO - neutrino_reco - Epoch 72/150 | train_loss=0.19133 val_loss=0.19724 | train_cos=0.8525 val_cos=0.8465 | lr=5.00e-04 | time=11.5s
[2026-07-02 00:54:43] INFO - neutrino_reco - Epoch 73/150 | train_loss=0.19086 val_loss=0.19653 | train_cos=0.8530 val_cos=0.8471 | lr=5.00e-04 | time=11.7s
[2026-07-02 00:54:55] INFO - neutrino_reco - Epoch 74/150 | train_loss=0.19034 val_loss=0.19773 | train_cos=0.8534 val_cos=0.8460 | lr=5.00e-04 | time=11.6s
[2026-07-02 00:55:07] INFO - neutrino_reco - Epoch 75/150 | train_loss=0.18987 val_loss=0.19717 | train_cos=0.8538 val_cos=0.8466 | lr=5.00e-04 | time=11.8s
[2026-07-02 00:55:22] INFO - neutrino_reco - Epoch 76/150 | train_loss=0.19020 val_loss=0.19790 | train_cos=0.8535 val_cos=0.8459 | lr=5.00e-04 | time=11.7s
[2026-07-02 00:55:33] INFO - neutrino_reco - Epoch 77/150 | train_loss=0.18989 val_loss=0.19754 | train_cos=0.8537 val_cos=0.8462 | lr=5.00e-04 | time=11.3s
[2026-07-02 00:55:45] INFO - neutrino_reco - Epoch 78/150 | train_loss=0.19026 val_loss=0.19636 | train_cos=0.8535 val_cos=0.8472 | lr=5.00e-04 | time=11.6s
[2026-07-02 00:55:59] INFO - neutrino_reco - Epoch 79/150 | train_loss=0.18973 val_loss=0.19741 | train_cos=0.8539 val_cos=0.8463 | lr=5.00e-04 | time=11.8s
[2026-07-02 00:56:11] INFO - neutrino_reco - Epoch 80/150 | train_loss=0.18960 val_loss=0.19711 | train_cos=0.8540 val_cos=0.8466 | lr=5.00e-04 | time=11.6s
[2026-07-02 00:56:25] INFO - neutrino_reco - Epoch 81/150 | train_loss=0.18996 val_loss=0.19691 | train_cos=0.8537 val_cos=0.8468 | lr=5.00e-04 | time=11.7s
[2026-07-02 00:56:37] INFO - neutrino_reco - Epoch 82/150 | train_loss=0.19000 val_loss=0.19717 | train_cos=0.8537 val_cos=0.8466 | lr=5.00e-04 | time=11.4s
[2026-07-02 00:56:48] INFO - neutrino_reco - Epoch 83/150 | train_loss=0.18924 val_loss=0.19766 | train_cos=0.8543 val_cos=0.8461 | lr=5.00e-04 | time=11.3s
[2026-07-02 00:57:03] INFO - neutrino_reco - Epoch 84/150 | train_loss=0.18976 val_loss=0.19738 | train_cos=0.8539 val_cos=0.8464 | lr=5.00e-04 | time=11.5s
[2026-07-02 00:57:15] INFO - neutrino_reco - Epoch 85/150 | train_loss=0.18896 val_loss=0.19740 | train_cos=0.8546 val_cos=0.8464 | lr=5.00e-04 | time=11.6s
[2026-07-02 00:57:26] INFO - neutrino_reco - Epoch 86/150 | train_loss=0.18860 val_loss=0.19746 | train_cos=0.8548 val_cos=0.8464 | lr=5.00e-04 | time=11.4s
[2026-07-02 00:57:41] INFO - neutrino_reco - Epoch 87/150 | train_loss=0.18910 val_loss=0.19734 | train_cos=0.8544 val_cos=0.8464 | lr=5.00e-04 | time=11.6s
[2026-07-02 00:57:52] INFO - neutrino_reco - Epoch 88/150 | train_loss=0.18743 val_loss=0.19645 | train_cos=0.8557 val_cos=0.8471 | lr=2.50e-04 | time=11.4s
[2026-07-02 00:58:04] INFO - neutrino_reco - Epoch 89/150 | train_loss=0.18659 val_loss=0.19679 | train_cos=0.8564 val_cos=0.8468 | lr=2.50e-04 | time=11.3s
[2026-07-02 00:58:18] INFO - neutrino_reco - Epoch 90/150 | train_loss=0.18600 val_loss=0.19660 | train_cos=0.8569 val_cos=0.8469 | lr=2.50e-04 | time=11.6s
[2026-07-02 00:58:30] INFO - neutrino_reco - Epoch 91/150 | train_loss=0.18581 val_loss=0.19695 | train_cos=0.8571 val_cos=0.8466 | lr=2.50e-04 | time=11.6s
[2026-07-02 00:58:41] INFO - neutrino_reco - Epoch 92/150 | train_loss=0.18546 val_loss=0.19674 | train_cos=0.8573 val_cos=0.8468 | lr=2.50e-04 | time=11.4s
[2026-07-02 00:58:56] INFO - neutrino_reco - Epoch 93/150 | train_loss=0.18568 val_loss=0.19711 | train_cos=0.8571 val_cos=0.8465 | lr=2.50e-04 | time=11.6s
[2026-07-02 00:59:07] INFO - neutrino_reco - Epoch 94/150 | train_loss=0.18537 val_loss=0.19661 | train_cos=0.8574 val_cos=0.8469 | lr=2.50e-04 | time=11.6s
[2026-07-02 00:59:22] INFO - neutrino_reco - Epoch 95/150 | train_loss=0.18520 val_loss=0.19662 | train_cos=0.8575 val_cos=0.8469 | lr=2.50e-04 | time=11.8s
[2026-07-02 00:59:34] INFO - neutrino_reco - Epoch 96/150 | train_loss=0.18502 val_loss=0.19685 | train_cos=0.8577 val_cos=0.8468 | lr=2.50e-04 | time=11.5s
[2026-07-02 00:59:45] INFO - neutrino_reco - Epoch 97/150 | train_loss=0.18432 val_loss=0.19624 | train_cos=0.8582 val_cos=0.8472 | lr=1.25e-04 | time=11.5s
[2026-07-02 01:00:00] INFO - neutrino_reco - Epoch 98/150 | train_loss=0.18374 val_loss=0.19625 | train_cos=0.8587 val_cos=0.8472 | lr=1.25e-04 | time=11.5s
[2026-07-02 01:00:12] INFO - neutrino_reco - Epoch 99/150 | train_loss=0.18348 val_loss=0.19653 | train_cos=0.8589 val_cos=0.8470 | lr=1.25e-04 | time=11.4s
[2026-07-02 01:00:23] INFO - neutrino_reco - Epoch 100/150 | train_loss=0.18377 val_loss=0.19622 | train_cos=0.8587 val_cos=0.8472 | lr=1.25e-04 | time=11.3s
[2026-07-02 01:00:38] INFO - neutrino_reco - Epoch 101/150 | train_loss=0.18317 val_loss=0.19618 | train_cos=0.8592 val_cos=0.8473 | lr=1.25e-04 | time=11.7s
[2026-07-02 01:00:49] INFO - neutrino_reco - Epoch 102/150 | train_loss=0.18339 val_loss=0.19624 | train_cos=0.8590 val_cos=0.8473 | lr=1.25e-04 | time=11.4s
[2026-07-02 01:01:01] INFO - neutrino_reco - Epoch 103/150 | train_loss=0.18355 val_loss=0.19676 | train_cos=0.8589 val_cos=0.8467 | lr=1.25e-04 | time=11.6s
[2026-07-02 01:01:15] INFO - neutrino_reco - Epoch 104/150 | train_loss=0.18329 val_loss=0.19623 | train_cos=0.8590 val_cos=0.8473 | lr=1.25e-04 | time=11.7s
[2026-07-02 01:01:27] INFO - neutrino_reco - Epoch 105/150 | train_loss=0.18293 val_loss=0.19600 | train_cos=0.8594 val_cos=0.8475 | lr=1.25e-04 | time=11.7s
[2026-07-02 01:01:39] INFO - neutrino_reco - Epoch 106/150 | train_loss=0.18352 val_loss=0.19628 | train_cos=0.8588 val_cos=0.8472 | lr=1.25e-04 | time=11.6s
[2026-07-02 01:01:54] INFO - neutrino_reco - Epoch 107/150 | train_loss=0.18309 val_loss=0.19624 | train_cos=0.8592 val_cos=0.8472 | lr=1.25e-04 | time=11.7s
[2026-07-02 01:02:05] INFO - neutrino_reco - Epoch 108/150 | train_loss=0.18309 val_loss=0.19613 | train_cos=0.8592 val_cos=0.8473 | lr=1.25e-04 | time=11.8s
[2026-07-02 01:02:20] INFO - neutrino_reco - Epoch 109/150 | train_loss=0.18302 val_loss=0.19630 | train_cos=0.8593 val_cos=0.8472 | lr=1.25e-04 | time=11.8s
[2026-07-02 01:02:32] INFO - neutrino_reco - Epoch 110/150 | train_loss=0.18292 val_loss=0.19639 | train_cos=0.8594 val_cos=0.8471 | lr=1.25e-04 | time=11.6s
[2026-07-02 01:02:43] INFO - neutrino_reco - Epoch 111/150 | train_loss=0.18247 val_loss=0.19639 | train_cos=0.8597 val_cos=0.8471 | lr=1.25e-04 | time=11.5s
[2026-07-02 01:02:58] INFO - neutrino_reco - Epoch 112/150 | train_loss=0.18292 val_loss=0.19644 | train_cos=0.8593 val_cos=0.8471 | lr=1.25e-04 | time=11.5s
[2026-07-02 01:03:09] INFO - neutrino_reco - Epoch 113/150 | train_loss=0.18240 val_loss=0.19657 | train_cos=0.8598 val_cos=0.8470 | lr=1.25e-04 | time=11.4s
[2026-07-02 01:03:21] INFO - neutrino_reco - Epoch 114/150 | train_loss=0.18274 val_loss=0.19659 | train_cos=0.8595 val_cos=0.8469 | lr=1.25e-04 | time=11.7s
[2026-07-02 01:03:35] INFO - neutrino_reco - Epoch 115/150 | train_loss=0.18208 val_loss=0.19651 | train_cos=0.8601 val_cos=0.8470 | lr=6.25e-05 | time=11.4s
[2026-07-02 01:03:47] INFO - neutrino_reco - Epoch 116/150 | train_loss=0.18207 val_loss=0.19655 | train_cos=0.8601 val_cos=0.8469 | lr=6.25e-05 | time=11.4s
[2026-07-02 01:03:59] INFO - neutrino_reco - Epoch 117/150 | train_loss=0.18171 val_loss=0.19659 | train_cos=0.8603 val_cos=0.8469 | lr=6.25e-05 | time=11.5s
[2026-07-02 01:04:13] INFO - neutrino_reco - Epoch 118/150 | train_loss=0.18163 val_loss=0.19652 | train_cos=0.8604 val_cos=0.8470 | lr=6.25e-05 | time=11.5s
[2026-07-02 01:04:25] INFO - neutrino_reco - Epoch 119/150 | train_loss=0.18210 val_loss=0.19643 | train_cos=0.8600 val_cos=0.8471 | lr=6.25e-05 | time=11.5s
[2026-07-02 01:04:39] INFO - neutrino_reco - Epoch 120/150 | train_loss=0.18203 val_loss=0.19642 | train_cos=0.8601 val_cos=0.8471 | lr=6.25e-05 | time=11.4s
[2026-07-02 01:04:50] INFO - neutrino_reco - Epoch 121/150 | train_loss=0.18188 val_loss=0.19658 | train_cos=0.8602 val_cos=0.8469 | lr=6.25e-05 | time=11.4s
[2026-07-02 01:05:02] INFO - neutrino_reco - Epoch 122/150 | train_loss=0.18192 val_loss=0.19636 | train_cos=0.8602 val_cos=0.8471 | lr=6.25e-05 | time=11.2s
[2026-07-02 01:05:16] INFO - neutrino_reco - Epoch 123/150 | train_loss=0.18185 val_loss=0.19657 | train_cos=0.8602 val_cos=0.8469 | lr=6.25e-05 | time=11.4s
[2026-07-02 01:05:27] INFO - neutrino_reco - Epoch 124/150 | train_loss=0.18167 val_loss=0.19648 | train_cos=0.8604 val_cos=0.8470 | lr=3.13e-05 | time=11.3s
[2026-07-02 01:05:39] INFO - neutrino_reco - Epoch 125/150 | train_loss=0.18089 val_loss=0.19646 | train_cos=0.8611 val_cos=0.8470 | lr=3.13e-05 | time=11.4s
[2026-07-02 01:05:39] INFO - neutrino_reco - Early stopping triggered at epoch 125 (no improvement for 20 epochs)
[2026-07-02 01:05:39] INFO - neutrino_reco - Training complete. Best val loss: 0.19600 after 125 epochs.
[2026-07-02 01:05:39] INFO - neutrino_reco - Checkpoints: checkpoints/mlp_20260702-003917
[2026-07-02 01:05:39] INFO - neutrino_reco - TensorBoard logs: runs/mlp_20260702-003917
[2026-07-02 01:05:39] INFO - neutrino_reco - Next: python evaluate.py --checkpoint checkpoints/mlp_20260702-003917/best.pt
