[2026-07-04 11:18:24] INFO - mlp_20260704-111824 - [1/1] Run name: mlp_20260704-111824
[2026-07-04 11:18:24] INFO - mlp_20260704-111824 - [1/1] Model: MLP | requires_graph=False | trainable_params=203,011 | model_config={'name': 'mlp', 'hidden_dim': 256, 'num_layers': 4, 'dropout': 0.2, 'activation': 'leaky_relu'}
[2026-07-04 11:18:24] INFO - mlp_20260704-111824 - Trainer ready: model=MLP (203,011 trainable params), device=cpu, graph_model=False
[2026-07-04 11:18:24] INFO - mlp_20260704-111824 - Starting training: epochs=75, start_epoch=0, optimizer=AdamW, scheduler=none
[2026-07-04 11:18:38] INFO - mlp_20260704-111824 - Epoch 1/75 | train_loss=0.24483 val_loss=0.21557 | train_cos=0.8136 val_cos=0.8328 | lr=1.00e-03 | time=11.1s
[2026-07-04 11:18:49] INFO - mlp_20260704-111824 - Epoch 2/75 | train_loss=0.22481 val_loss=0.21351 | train_cos=0.8272 val_cos=0.8341 | lr=1.00e-03 | time=11.0s
[2026-07-04 11:19:00] INFO - mlp_20260704-111824 - Epoch 3/75 | train_loss=0.22198 val_loss=0.21118 | train_cos=0.8293 val_cos=0.8360 | lr=1.00e-03 | time=11.2s
[2026-07-04 11:19:14] INFO - mlp_20260704-111824 - Epoch 4/75 | train_loss=0.21987 val_loss=0.21205 | train_cos=0.8307 val_cos=0.8353 | lr=1.00e-03 | time=10.9s
[2026-07-04 11:19:25] INFO - mlp_20260704-111824 - Epoch 5/75 | train_loss=0.21903 val_loss=0.21075 | train_cos=0.8313 val_cos=0.8362 | lr=1.00e-03 | time=11.0s
[2026-07-04 11:19:36] INFO - mlp_20260704-111824 - Epoch 6/75 | train_loss=0.21781 val_loss=0.21197 | train_cos=0.8322 val_cos=0.8354 | lr=1.00e-03 | time=11.0s
[2026-07-04 11:19:50] INFO - mlp_20260704-111824 - Epoch 7/75 | train_loss=0.21667 val_loss=0.21063 | train_cos=0.8329 val_cos=0.8362 | lr=1.00e-03 | time=10.7s
[2026-07-04 11:20:01] INFO - mlp_20260704-111824 - Epoch 8/75 | train_loss=0.21587 val_loss=0.21047 | train_cos=0.8334 val_cos=0.8361 | lr=1.00e-03 | time=10.8s
[2026-07-04 11:20:12] INFO - mlp_20260704-111824 - Epoch 9/75 | train_loss=0.21536 val_loss=0.20983 | train_cos=0.8338 val_cos=0.8368 | lr=1.00e-03 | time=11.0s
[2026-07-04 11:20:26] INFO - mlp_20260704-111824 - Epoch 10/75 | train_loss=0.21437 val_loss=0.20866 | train_cos=0.8344 val_cos=0.8375 | lr=1.00e-03 | time=10.9s
[2026-07-04 11:20:37] INFO - mlp_20260704-111824 - Epoch 11/75 | train_loss=0.21366 val_loss=0.20915 | train_cos=0.8348 val_cos=0.8371 | lr=1.00e-03 | time=10.9s
[2026-07-04 11:20:48] INFO - mlp_20260704-111824 - Epoch 12/75 | train_loss=0.21355 val_loss=0.20674 | train_cos=0.8349 val_cos=0.8389 | lr=1.00e-03 | time=10.8s
[2026-07-04 11:21:01] INFO - mlp_20260704-111824 - Epoch 13/75 | train_loss=0.21270 val_loss=0.20655 | train_cos=0.8355 val_cos=0.8390 | lr=1.00e-03 | time=10.8s
[2026-07-04 11:21:12] INFO - mlp_20260704-111824 - Epoch 14/75 | train_loss=0.21199 val_loss=0.20953 | train_cos=0.8360 val_cos=0.8367 | lr=1.00e-03 | time=10.7s
[2026-07-04 11:21:23] INFO - mlp_20260704-111824 - Epoch 15/75 | train_loss=0.21139 val_loss=0.20610 | train_cos=0.8364 val_cos=0.8393 | lr=1.00e-03 | time=10.7s
[2026-07-04 11:21:37] INFO - mlp_20260704-111824 - Epoch 16/75 | train_loss=0.21087 val_loss=0.20701 | train_cos=0.8368 val_cos=0.8386 | lr=1.00e-03 | time=10.7s
[2026-07-04 11:21:48] INFO - mlp_20260704-111824 - Epoch 17/75 | train_loss=0.21037 val_loss=0.20626 | train_cos=0.8372 val_cos=0.8392 | lr=1.00e-03 | time=11.1s
[2026-07-04 11:21:59] INFO - mlp_20260704-111824 - Epoch 18/75 | train_loss=0.21026 val_loss=0.20557 | train_cos=0.8373 val_cos=0.8399 | lr=1.00e-03 | time=10.7s
[2026-07-04 11:22:12] INFO - mlp_20260704-111824 - Epoch 19/75 | train_loss=0.20954 val_loss=0.20619 | train_cos=0.8378 val_cos=0.8393 | lr=1.00e-03 | time=10.7s
[2026-07-04 11:22:23] INFO - mlp_20260704-111824 - Epoch 20/75 | train_loss=0.20903 val_loss=0.20514 | train_cos=0.8382 val_cos=0.8400 | lr=1.00e-03 | time=10.8s
[2026-07-04 11:22:34] INFO - mlp_20260704-111824 - Epoch 21/75 | train_loss=0.20866 val_loss=0.20406 | train_cos=0.8385 val_cos=0.8408 | lr=1.00e-03 | time=10.9s
[2026-07-04 11:22:48] INFO - mlp_20260704-111824 - Epoch 22/75 | train_loss=0.20819 val_loss=0.20352 | train_cos=0.8389 val_cos=0.8414 | lr=1.00e-03 | time=10.7s
[2026-07-04 11:22:59] INFO - mlp_20260704-111824 - Epoch 23/75 | train_loss=0.20735 val_loss=0.20310 | train_cos=0.8395 val_cos=0.8417 | lr=1.00e-03 | time=10.7s
[2026-07-04 11:23:10] INFO - mlp_20260704-111824 - Epoch 24/75 | train_loss=0.20715 val_loss=0.20384 | train_cos=0.8398 val_cos=0.8413 | lr=1.00e-03 | time=11.0s
[2026-07-04 11:23:23] INFO - mlp_20260704-111824 - Epoch 25/75 | train_loss=0.20688 val_loss=0.20339 | train_cos=0.8399 val_cos=0.8415 | lr=1.00e-03 | time=10.6s
[2026-07-04 11:23:35] INFO - mlp_20260704-111824 - Epoch 26/75 | train_loss=0.20654 val_loss=0.20365 | train_cos=0.8402 val_cos=0.8414 | lr=1.00e-03 | time=11.0s
[2026-07-04 11:23:45] INFO - mlp_20260704-111824 - Epoch 27/75 | train_loss=0.20605 val_loss=0.20212 | train_cos=0.8406 val_cos=0.8425 | lr=1.00e-03 | time=10.9s
[2026-07-04 11:23:59] INFO - mlp_20260704-111824 - Epoch 28/75 | train_loss=0.20574 val_loss=0.20199 | train_cos=0.8409 val_cos=0.8426 | lr=1.00e-03 | time=11.0s
[2026-07-04 11:24:11] INFO - mlp_20260704-111824 - Epoch 29/75 | train_loss=0.20489 val_loss=0.20050 | train_cos=0.8415 val_cos=0.8438 | lr=1.00e-03 | time=11.0s
[2026-07-04 11:24:22] INFO - mlp_20260704-111824 - Epoch 30/75 | train_loss=0.20429 val_loss=0.20300 | train_cos=0.8420 val_cos=0.8418 | lr=1.00e-03 | time=10.9s
[2026-07-04 11:24:35] INFO - mlp_20260704-111824 - Epoch 31/75 | train_loss=0.20434 val_loss=0.20183 | train_cos=0.8420 val_cos=0.8428 | lr=1.00e-03 | time=10.8s
[2026-07-04 11:24:46] INFO - mlp_20260704-111824 - Epoch 32/75 | train_loss=0.20344 val_loss=0.20126 | train_cos=0.8427 val_cos=0.8433 | lr=1.00e-03 | time=10.9s
[2026-07-04 11:24:57] INFO - mlp_20260704-111824 - Epoch 33/75 | train_loss=0.20316 val_loss=0.20196 | train_cos=0.8429 val_cos=0.8426 | lr=1.00e-03 | time=10.8s
[2026-07-04 11:25:11] INFO - mlp_20260704-111824 - Epoch 34/75 | train_loss=0.20373 val_loss=0.20125 | train_cos=0.8425 val_cos=0.8432 | lr=1.00e-03 | time=11.0s
[2026-07-04 11:25:22] INFO - mlp_20260704-111824 - Epoch 35/75 | train_loss=0.20316 val_loss=0.20050 | train_cos=0.8429 val_cos=0.8438 | lr=1.00e-03 | time=11.0s
[2026-07-04 11:25:36] INFO - mlp_20260704-111824 - Epoch 36/75 | train_loss=0.20277 val_loss=0.20086 | train_cos=0.8433 val_cos=0.8435 | lr=1.00e-03 | time=10.9s
[2026-07-04 11:25:47] INFO - mlp_20260704-111824 - Epoch 37/75 | train_loss=0.20241 val_loss=0.20052 | train_cos=0.8435 val_cos=0.8437 | lr=1.00e-03 | time=10.7s
[2026-07-04 11:25:58] INFO - mlp_20260704-111824 - Epoch 38/75 | train_loss=0.20188 val_loss=0.19991 | train_cos=0.8440 val_cos=0.8443 | lr=1.00e-03 | time=10.9s
[2026-07-04 11:26:12] INFO - mlp_20260704-111824 - Epoch 39/75 | train_loss=0.20172 val_loss=0.19944 | train_cos=0.8441 val_cos=0.8446 | lr=1.00e-03 | time=10.9s
[2026-07-04 11:26:23] INFO - mlp_20260704-111824 - Epoch 40/75 | train_loss=0.20131 val_loss=0.19981 | train_cos=0.8444 val_cos=0.8442 | lr=1.00e-03 | time=10.9s
[2026-07-04 11:26:34] INFO - mlp_20260704-111824 - Epoch 41/75 | train_loss=0.20089 val_loss=0.19964 | train_cos=0.8448 val_cos=0.8445 | lr=1.00e-03 | time=11.0s
[2026-07-04 11:26:48] INFO - mlp_20260704-111824 - Epoch 42/75 | train_loss=0.20107 val_loss=0.20062 | train_cos=0.8447 val_cos=0.8437 | lr=1.00e-03 | time=10.7s
[2026-07-04 11:26:58] INFO - mlp_20260704-111824 - Epoch 43/75 | train_loss=0.20091 val_loss=0.19891 | train_cos=0.8448 val_cos=0.8451 | lr=1.00e-03 | time=10.7s
[2026-07-04 11:27:09] INFO - mlp_20260704-111824 - Epoch 44/75 | train_loss=0.19997 val_loss=0.19883 | train_cos=0.8456 val_cos=0.8450 | lr=1.00e-03 | time=10.7s
[2026-07-04 11:27:23] INFO - mlp_20260704-111824 - Epoch 45/75 | train_loss=0.19942 val_loss=0.19902 | train_cos=0.8460 val_cos=0.8450 | lr=1.00e-03 | time=10.7s
[2026-07-04 11:27:34] INFO - mlp_20260704-111824 - Epoch 46/75 | train_loss=0.19961 val_loss=0.19878 | train_cos=0.8459 val_cos=0.8452 | lr=1.00e-03 | time=10.7s
[2026-07-04 11:27:44] INFO - mlp_20260704-111824 - Epoch 47/75 | train_loss=0.19937 val_loss=0.19897 | train_cos=0.8461 val_cos=0.8449 | lr=1.00e-03 | time=10.7s
[2026-07-04 11:27:58] INFO - mlp_20260704-111824 - Epoch 48/75 | train_loss=0.19908 val_loss=0.19755 | train_cos=0.8463 val_cos=0.8461 | lr=1.00e-03 | time=10.7s
[2026-07-04 11:28:09] INFO - mlp_20260704-111824 - Epoch 49/75 | train_loss=0.19886 val_loss=0.19861 | train_cos=0.8465 val_cos=0.8453 | lr=1.00e-03 | time=10.7s
[2026-07-04 11:28:20] INFO - mlp_20260704-111824 - Epoch 50/75 | train_loss=0.19857 val_loss=0.19833 | train_cos=0.8467 val_cos=0.8455 | lr=1.00e-03 | time=10.7s
[2026-07-04 11:28:33] INFO - mlp_20260704-111824 - Epoch 51/75 | train_loss=0.19868 val_loss=0.19822 | train_cos=0.8466 val_cos=0.8455 | lr=1.00e-03 | time=10.7s
[2026-07-04 11:28:44] INFO - mlp_20260704-111824 - Epoch 52/75 | train_loss=0.19831 val_loss=0.19780 | train_cos=0.8469 val_cos=0.8459 | lr=1.00e-03 | time=10.6s
[2026-07-04 11:28:55] INFO - mlp_20260704-111824 - Epoch 53/75 | train_loss=0.19777 val_loss=0.19823 | train_cos=0.8474 val_cos=0.8455 | lr=1.00e-03 | time=10.7s
[2026-07-04 11:29:08] INFO - mlp_20260704-111824 - Epoch 54/75 | train_loss=0.19763 val_loss=0.19836 | train_cos=0.8475 val_cos=0.8454 | lr=1.00e-03 | time=10.6s
[2026-07-04 11:29:19] INFO - mlp_20260704-111824 - Epoch 55/75 | train_loss=0.19732 val_loss=0.19830 | train_cos=0.8478 val_cos=0.8455 | lr=1.00e-03 | time=10.7s
[2026-07-04 11:29:30] INFO - mlp_20260704-111824 - Epoch 56/75 | train_loss=0.19725 val_loss=0.19923 | train_cos=0.8478 val_cos=0.8447 | lr=1.00e-03 | time=10.7s
[2026-07-04 11:29:43] INFO - mlp_20260704-111824 - Epoch 57/75 | train_loss=0.19655 val_loss=0.19738 | train_cos=0.8484 val_cos=0.8462 | lr=1.00e-03 | time=10.7s
[2026-07-04 11:29:54] INFO - mlp_20260704-111824 - Epoch 58/75 | train_loss=0.19727 val_loss=0.19746 | train_cos=0.8478 val_cos=0.8461 | lr=1.00e-03 | time=10.9s
[2026-07-04 11:30:05] INFO - mlp_20260704-111824 - Epoch 59/75 | train_loss=0.19713 val_loss=0.19715 | train_cos=0.8479 val_cos=0.8464 | lr=1.00e-03 | time=10.8s
[2026-07-04 11:30:19] INFO - mlp_20260704-111824 - Epoch 60/75 | train_loss=0.19621 val_loss=0.19771 | train_cos=0.8487 val_cos=0.8460 | lr=1.00e-03 | time=10.9s
[2026-07-04 11:30:30] INFO - mlp_20260704-111824 - Epoch 61/75 | train_loss=0.19662 val_loss=0.19700 | train_cos=0.8484 val_cos=0.8467 | lr=1.00e-03 | time=10.9s
[2026-07-04 11:30:41] INFO - mlp_20260704-111824 - Epoch 62/75 | train_loss=0.19588 val_loss=0.19829 | train_cos=0.8490 val_cos=0.8455 | lr=1.00e-03 | time=11.0s
[2026-07-04 11:30:55] INFO - mlp_20260704-111824 - Epoch 63/75 | train_loss=0.19622 val_loss=0.19800 | train_cos=0.8487 val_cos=0.8457 | lr=1.00e-03 | time=10.9s
[2026-07-04 11:31:06] INFO - mlp_20260704-111824 - Epoch 64/75 | train_loss=0.19576 val_loss=0.19800 | train_cos=0.8491 val_cos=0.8457 | lr=1.00e-03 | time=10.9s
[2026-07-04 11:31:17] INFO - mlp_20260704-111824 - Epoch 65/75 | train_loss=0.19552 val_loss=0.19763 | train_cos=0.8493 val_cos=0.8461 | lr=1.00e-03 | time=11.1s
[2026-07-04 11:31:31] INFO - mlp_20260704-111824 - Epoch 66/75 | train_loss=0.19516 val_loss=0.19737 | train_cos=0.8496 val_cos=0.8464 | lr=1.00e-03 | time=11.0s
[2026-07-04 11:31:42] INFO - mlp_20260704-111824 - Epoch 67/75 | train_loss=0.19581 val_loss=0.19877 | train_cos=0.8491 val_cos=0.8451 | lr=1.00e-03 | time=11.1s
[2026-07-04 11:31:53] INFO - mlp_20260704-111824 - Epoch 68/75 | train_loss=0.19545 val_loss=0.19760 | train_cos=0.8494 val_cos=0.8462 | lr=1.00e-03 | time=10.9s
[2026-07-04 11:32:07] INFO - mlp_20260704-111824 - Epoch 69/75 | train_loss=0.19524 val_loss=0.19709 | train_cos=0.8496 val_cos=0.8466 | lr=1.00e-03 | time=10.7s
[2026-07-04 11:32:18] INFO - mlp_20260704-111824 - Epoch 70/75 | train_loss=0.19532 val_loss=0.19880 | train_cos=0.8495 val_cos=0.8451 | lr=1.00e-03 | time=10.7s
[2026-07-04 11:32:28] INFO - mlp_20260704-111824 - Epoch 71/75 | train_loss=0.19519 val_loss=0.19808 | train_cos=0.8496 val_cos=0.8457 | lr=1.00e-03 | time=10.7s
[2026-07-04 11:32:42] INFO - mlp_20260704-111824 - Epoch 72/75 | train_loss=0.19459 val_loss=0.19747 | train_cos=0.8501 val_cos=0.8462 | lr=1.00e-03 | time=10.7s
[2026-07-04 11:32:53] INFO - mlp_20260704-111824 - Epoch 73/75 | train_loss=0.19470 val_loss=0.19757 | train_cos=0.8500 val_cos=0.8462 | lr=1.00e-03 | time=10.6s
[2026-07-04 11:33:04] INFO - mlp_20260704-111824 - Epoch 74/75 | train_loss=0.19432 val_loss=0.19821 | train_cos=0.8504 val_cos=0.8456 | lr=1.00e-03 | time=10.8s
[2026-07-04 11:33:17] INFO - mlp_20260704-111824 - Epoch 75/75 | train_loss=0.19426 val_loss=0.19794 | train_cos=0.8504 val_cos=0.8457 | lr=1.00e-03 | time=10.7s
[2026-07-04 11:33:17] INFO - mlp_20260704-111824 - [1/1] Training complete. Best val loss: 0.19700 after 75 epochs.
[2026-07-04 11:33:17] INFO - mlp_20260704-111824 - [1/1] Checkpoints: checkpoints/mlp_20260704-111824
[2026-07-04 11:33:17] INFO - mlp_20260704-111824 - [1/1] Next: python evaluate.py --checkpoint checkpoints/mlp_20260704-111824/best.pt
